{"D:\\Projects\\Others\\forest_interactive_tes\\sms-scheduler\\models\\index.js": {"path":"D:\\Projects\\Others\\forest_interactive_tes\\sms-scheduler\\models\\index.js","statementMap":{"0":{"start":{"line":3,"column":11},"end":{"line":3,"column":24}},"1":{"start":{"line":4,"column":13},"end":{"line":4,"column":28}},"2":{"start":{"line":5,"column":18},"end":{"line":5,"column":38}},"3":{"start":{"line":6,"column":17},"end":{"line":6,"column":42}},"4":{"start":{"line":7,"column":12},"end":{"line":7,"column":49}},"5":{"start":{"line":8,"column":15},"end":{"line":8,"column":65}},"6":{"start":{"line":9,"column":11},"end":{"line":9,"column":13}},"7":{"start":{"line":12,"column":0},"end":{"line":16,"column":1}},"8":{"start":{"line":13,"column":2},"end":{"line":13,"column":74}},"9":{"start":{"line":15,"column":2},"end":{"line":15,"column":87}},"10":{"start":{"line":18,"column":0},"end":{"line":26,"column":5}},"11":{"start":{"line":21,"column":4},"end":{"line":21,"column":90}},"12":{"start":{"line":24,"column":18},"end":{"line":24,"column":85}},"13":{"start":{"line":25,"column":4},"end":{"line":25,"column":27}},"14":{"start":{"line":28,"column":0},"end":{"line":32,"column":3}},"15":{"start":{"line":29,"column":2},"end":{"line":31,"column":3}},"16":{"start":{"line":30,"column":4},"end":{"line":30,"column":32}},"17":{"start":{"line":34,"column":0},"end":{"line":34,"column":25}},"18":{"start":{"line":35,"column":0},"end":{"line":35,"column":25}},"19":{"start":{"line":37,"column":0},"end":{"line":37,"column":20}}},"fnMap":{"0":{"name":"(anonymous_0)","decl":{"start":{"line":20,"column":10},"end":{"line":20,"column":11}},"loc":{"start":{"line":20,"column":18},"end":{"line":22,"column":3}},"line":20},"1":{"name":"(anonymous_1)","decl":{"start":{"line":23,"column":11},"end":{"line":23,"column":12}},"loc":{"start":{"line":23,"column":19},"end":{"line":26,"column":3}},"line":23},"2":{"name":"(anonymous_2)","decl":{"start":{"line":28,"column":24},"end":{"line":28,"column":25}},"loc":{"start":{"line":28,"column":37},"end":{"line":32,"column":1}},"line":28}},"branchMap":{"0":{"loc":{"start":{"line":7,"column":12},"end":{"line":7,"column":49}},"type":"binary-expr","locations":[{"start":{"line":7,"column":12},"end":{"line":7,"column":32}},{"start":{"line":7,"column":36},"end":{"line":7,"column":49}}],"line":7},"1":{"loc":{"start":{"line":12,"column":0},"end":{"line":16,"column":1}},"type":"if","locations":[{"start":{"line":12,"column":0},"end":{"line":16,"column":1}},{"start":{"line":14,"column":7},"end":{"line":16,"column":1}}],"line":12},"2":{"loc":{"start":{"line":21,"column":11},"end":{"line":21,"column":89}},"type":"binary-expr","locations":[{"start":{"line":21,"column":12},"end":{"line":21,"column":35}},{"start":{"line":21,"column":41},"end":{"line":21,"column":58}},{"start":{"line":21,"column":64},"end":{"line":21,"column":88}}],"line":21},"3":{"loc":{"start":{"line":29,"column":2},"end":{"line":31,"column":3}},"type":"if","locations":[{"start":{"line":29,"column":2},"end":{"line":31,"column":3}},{"start":{},"end":{}}],"line":29}},"s":{"0":1,"1":1,"2":1,"3":1,"4":1,"5":1,"6":1,"7":1,"8":0,"9":1,"10":1,"11":5,"12":4,"13":4,"14":1,"15":4,"16":4,"17":1,"18":1,"19":1},"f":{"0":5,"1":4,"2":4},"b":{"0":[1,0],"1":[0,1],"2":[5,5,4],"3":[4,0]},"_coverageSchema":"1a1c01bbd47fc00a2c39e90264f33305004495a9","hash":"5a19e4f5ecce1dfe2adef97e75f1c146cd375fa0"}
,"D:\\Projects\\Others\\forest_interactive_tes\\sms-scheduler\\models\\recepient.js": {"path":"D:\\Projects\\Others\\forest_interactive_tes\\sms-scheduler\\models\\recepient.js","statementMap":{"0":{"start":{"line":2,"column":18},"end":{"line":2,"column":38}},"1":{"start":{"line":4,"column":0},"end":{"line":35,"column":2}},"2":{"start":{"line":7,"column":6},"end":{"line":10,"column":9}},"3":{"start":{"line":14,"column":2},"end":{"line":32,"column":4}},"4":{"start":{"line":34,"column":2},"end":{"line":34,"column":19}}},"fnMap":{"0":{"name":"(anonymous_0)","decl":{"start":{"line":4,"column":17},"end":{"line":4,"column":18}},"loc":{"start":{"line":4,"column":43},"end":{"line":35,"column":1}},"line":4},"1":{"name":"(anonymous_1)","decl":{"start":{"line":6,"column":4},"end":{"line":6,"column":5}},"loc":{"start":{"line":6,"column":29},"end":{"line":11,"column":5}},"line":6}},"branchMap":{},"s":{"0":1,"1":1,"2":1,"3":1,"4":1},"f":{"0":1,"1":1},"b":{},"_coverageSchema":"1a1c01bbd47fc00a2c39e90264f33305004495a9","hash":"ce9ade3d545ae3057eca99706d446706b47b0889"}
,"D:\\Projects\\Others\\forest_interactive_tes\\sms-scheduler\\models\\schedule.js": {"path":"D:\\Projects\\Others\\forest_interactive_tes\\sms-scheduler\\models\\schedule.js","statementMap":{"0":{"start":{"line":2,"column":18},"end":{"line":2,"column":38}},"1":{"start":{"line":4,"column":0},"end":{"line":53,"column":2}},"2":{"start":{"line":7,"column":6},"end":{"line":9,"column":9}},"3":{"start":{"line":10,"column":6},"end":{"line":12,"column":9}},"4":{"start":{"line":14,"column":6},"end":{"line":16,"column":9}},"5":{"start":{"line":20,"column":2},"end":{"line":50,"column":4}},"6":{"start":{"line":52,"column":2},"end":{"line":52,"column":18}}},"fnMap":{"0":{"name":"(anonymous_0)","decl":{"start":{"line":4,"column":17},"end":{"line":4,"column":18}},"loc":{"start":{"line":4,"column":43},"end":{"line":53,"column":1}},"line":4},"1":{"name":"(anonymous_1)","decl":{"start":{"line":6,"column":4},"end":{"line":6,"column":5}},"loc":{"start":{"line":6,"column":29},"end":{"line":17,"column":5}},"line":6}},"branchMap":{},"s":{"0":1,"1":1,"2":1,"3":1,"4":1,"5":1,"6":1},"f":{"0":1,"1":1},"b":{},"_coverageSchema":"1a1c01bbd47fc00a2c39e90264f33305004495a9","hash":"e6495580bf6303289e7f7592ff96ce57d4dcf051"}
,"D:\\Projects\\Others\\forest_interactive_tes\\sms-scheduler\\models\\schedulehistory.js": {"path":"D:\\Projects\\Others\\forest_interactive_tes\\sms-scheduler\\models\\schedulehistory.js","statementMap":{"0":{"start":{"line":2,"column":18},"end":{"line":2,"column":38}},"1":{"start":{"line":4,"column":0},"end":{"line":43,"column":2}},"2":{"start":{"line":7,"column":6},"end":{"line":9,"column":9}},"3":{"start":{"line":13,"column":2},"end":{"line":40,"column":4}},"4":{"start":{"line":42,"column":2},"end":{"line":42,"column":28}}},"fnMap":{"0":{"name":"(anonymous_0)","decl":{"start":{"line":4,"column":17},"end":{"line":4,"column":18}},"loc":{"start":{"line":4,"column":43},"end":{"line":43,"column":1}},"line":4},"1":{"name":"(anonymous_1)","decl":{"start":{"line":6,"column":4},"end":{"line":6,"column":5}},"loc":{"start":{"line":6,"column":29},"end":{"line":10,"column":5}},"line":6}},"branchMap":{},"s":{"0":1,"1":1,"2":1,"3":1,"4":1},"f":{"0":1,"1":1},"b":{},"_coverageSchema":"1a1c01bbd47fc00a2c39e90264f33305004495a9","hash":"f594a2f630cf26ad4cd9548afa010e97256692c5"}
,"D:\\Projects\\Others\\forest_interactive_tes\\sms-scheduler\\models\\smsscheduler.js": {"path":"D:\\Projects\\Others\\forest_interactive_tes\\sms-scheduler\\models\\smsscheduler.js","statementMap":{"0":{"start":{"line":2,"column":18},"end":{"line":2,"column":38}},"1":{"start":{"line":4,"column":0},"end":{"line":38,"column":2}},"2":{"start":{"line":7,"column":6},"end":{"line":10,"column":9}},"3":{"start":{"line":14,"column":2},"end":{"line":35,"column":4}},"4":{"start":{"line":37,"column":2},"end":{"line":37,"column":22}}},"fnMap":{"0":{"name":"(anonymous_0)","decl":{"start":{"line":4,"column":17},"end":{"line":4,"column":18}},"loc":{"start":{"line":4,"column":43},"end":{"line":38,"column":1}},"line":4},"1":{"name":"(anonymous_1)","decl":{"start":{"line":6,"column":4},"end":{"line":6,"column":5}},"loc":{"start":{"line":6,"column":29},"end":{"line":11,"column":5}},"line":6}},"branchMap":{},"s":{"0":1,"1":1,"2":1,"3":1,"4":1},"f":{"0":1,"1":1},"b":{},"_coverageSchema":"1a1c01bbd47fc00a2c39e90264f33305004495a9","hash":"16d4fa2d193290ffcf4da5634e81cdddeb239d33"}
,"D:\\Projects\\Others\\forest_interactive_tes\\sms-scheduler\\service\\serviceSmsScheduler.js": {"path":"D:\\Projects\\Others\\forest_interactive_tes\\sms-scheduler\\service\\serviceSmsScheduler.js","statementMap":{"0":{"start":{"line":1,"column":15},"end":{"line":1,"column":39}},"1":{"start":{"line":2,"column":55},"end":{"line":2,"column":75}},"2":{"start":{"line":3,"column":15},"end":{"line":3,"column":35}},"3":{"start":{"line":5,"column":0},"end":{"line":115,"column":2}},"4":{"start":{"line":7,"column":33},"end":{"line":7,"column":41}},"5":{"start":{"line":8,"column":4},"end":{"line":23,"column":5}},"6":{"start":{"line":9,"column":6},"end":{"line":11,"column":7}},"7":{"start":{"line":10,"column":8},"end":{"line":10,"column":57}},"8":{"start":{"line":13,"column":29},"end":{"line":16,"column":8}},"9":{"start":{"line":18,"column":6},"end":{"line":20,"column":7}},"10":{"start":{"line":19,"column":8},"end":{"line":19,"column":40}},"11":{"start":{"line":22,"column":6},"end":{"line":22,"column":23}},"12":{"start":{"line":27,"column":38},"end":{"line":27,"column":47}},"13":{"start":{"line":28,"column":14},"end":{"line":32,"column":5}},"14":{"start":{"line":34,"column":4},"end":{"line":66,"column":5}},"15":{"start":{"line":35,"column":6},"end":{"line":37,"column":7}},"16":{"start":{"line":36,"column":8},"end":{"line":36,"column":56}},"17":{"start":{"line":39,"column":6},"end":{"line":43,"column":7}},"18":{"start":{"line":40,"column":8},"end":{"line":42,"column":10}},"19":{"start":{"line":45,"column":22},"end":{"line":45,"column":53}},"20":{"start":{"line":49,"column":6},"end":{"line":61,"column":7}},"21":{"start":{"line":50,"column":30},"end":{"line":58,"column":10}},"22":{"start":{"line":51,"column":10},"end":{"line":57,"column":12}},"23":{"start":{"line":60,"column":8},"end":{"line":60,"column":39}},"24":{"start":{"line":63,"column":6},"end":{"line":63,"column":31}},"25":{"start":{"line":65,"column":6},"end":{"line":65,"column":23}},"26":{"start":{"line":70,"column":46},"end":{"line":70,"column":55}},"27":{"start":{"line":71,"column":14},"end":{"line":76,"column":5}},"28":{"start":{"line":77,"column":4},"end":{"line":113,"column":5}},"29":{"start":{"line":78,"column":6},"end":{"line":80,"column":7}},"30":{"start":{"line":79,"column":8},"end":{"line":79,"column":56}},"31":{"start":{"line":82,"column":6},"end":{"line":86,"column":7}},"32":{"start":{"line":83,"column":8},"end":{"line":85,"column":10}},"33":{"start":{"line":88,"column":6},"end":{"line":93,"column":7}},"34":{"start":{"line":92,"column":8},"end":{"line":92,"column":78}},"35":{"start":{"line":95,"column":6},"end":{"line":97,"column":7}},"36":{"start":{"line":96,"column":8},"end":{"line":96,"column":34}},"37":{"start":{"line":99,"column":6},"end":{"line":104,"column":8}},"38":{"start":{"line":106,"column":22},"end":{"line":106,"column":59}},"39":{"start":{"line":109,"column":6},"end":{"line":109,"column":31}},"40":{"start":{"line":111,"column":6},"end":{"line":111,"column":25}},"41":{"start":{"line":112,"column":6},"end":{"line":112,"column":23}}},"fnMap":{"0":{"name":"(anonymous_0)","decl":{"start":{"line":6,"column":15},"end":{"line":6,"column":16}},"loc":{"start":{"line":6,"column":34},"end":{"line":24,"column":3}},"line":6},"1":{"name":"(anonymous_1)","decl":{"start":{"line":26,"column":18},"end":{"line":26,"column":19}},"loc":{"start":{"line":26,"column":37},"end":{"line":67,"column":3}},"line":26},"2":{"name":"(anonymous_2)","decl":{"start":{"line":50,"column":43},"end":{"line":50,"column":44}},"loc":{"start":{"line":50,"column":50},"end":{"line":58,"column":9}},"line":50},"3":{"name":"(anonymous_3)","decl":{"start":{"line":69,"column":14},"end":{"line":69,"column":15}},"loc":{"start":{"line":69,"column":33},"end":{"line":114,"column":3}},"line":69}},"branchMap":{"0":{"loc":{"start":{"line":9,"column":6},"end":{"line":11,"column":7}},"type":"if","locations":[{"start":{"line":9,"column":6},"end":{"line":11,"column":7}},{"start":{},"end":{}}],"line":9},"1":{"loc":{"start":{"line":9,"column":10},"end":{"line":9,"column":30}},"type":"binary-expr","locations":[{"start":{"line":9,"column":10},"end":{"line":9,"column":18}},{"start":{"line":9,"column":22},"end":{"line":9,"column":30}}],"line":9},"2":{"loc":{"start":{"line":18,"column":6},"end":{"line":20,"column":7}},"type":"if","locations":[{"start":{"line":18,"column":6},"end":{"line":20,"column":7}},{"start":{},"end":{}}],"line":18},"3":{"loc":{"start":{"line":30,"column":14},"end":{"line":30,"column":52}},"type":"cond-expr","locations":[{"start":{"line":30,"column":21},"end":{"line":30,"column":48}},{"start":{"line":30,"column":51},"end":{"line":30,"column":52}}],"line":30},"4":{"loc":{"start":{"line":30,"column":29},"end":{"line":30,"column":47}},"type":"cond-expr","locations":[{"start":{"line":30,"column":37},"end":{"line":30,"column":42}},{"start":{"line":30,"column":45},"end":{"line":30,"column":47}}],"line":30},"5":{"loc":{"start":{"line":31,"column":13},"end":{"line":31,"column":31}},"type":"cond-expr","locations":[{"start":{"line":31,"column":21},"end":{"line":31,"column":26}},{"start":{"line":31,"column":29},"end":{"line":31,"column":31}}],"line":31},"6":{"loc":{"start":{"line":35,"column":6},"end":{"line":37,"column":7}},"type":"if","locations":[{"start":{"line":35,"column":6},"end":{"line":37,"column":7}},{"start":{},"end":{}}],"line":35},"7":{"loc":{"start":{"line":35,"column":10},"end":{"line":35,"column":68}},"type":"binary-expr","locations":[{"start":{"line":35,"column":11},"end":{"line":35,"column":15}},{"start":{"line":35,"column":19},"end":{"line":35,"column":22}},{"start":{"line":35,"column":27},"end":{"line":35,"column":38}},{"start":{"line":35,"column":43},"end":{"line":35,"column":45}},{"start":{"line":35,"column":49},"end":{"line":35,"column":54}},{"start":{"line":35,"column":59},"end":{"line":35,"column":68}}],"line":35},"8":{"loc":{"start":{"line":39,"column":6},"end":{"line":43,"column":7}},"type":"if","locations":[{"start":{"line":39,"column":6},"end":{"line":43,"column":7}},{"start":{},"end":{}}],"line":39},"9":{"loc":{"start":{"line":39,"column":10},"end":{"line":39,"column":20}},"type":"binary-expr","locations":[{"start":{"line":39,"column":10},"end":{"line":39,"column":14}},{"start":{"line":39,"column":18},"end":{"line":39,"column":20}}],"line":39},"10":{"loc":{"start":{"line":49,"column":6},"end":{"line":61,"column":7}},"type":"if","locations":[{"start":{"line":49,"column":6},"end":{"line":61,"column":7}},{"start":{},"end":{}}],"line":49},"11":{"loc":{"start":{"line":73,"column":14},"end":{"line":73,"column":52}},"type":"cond-expr","locations":[{"start":{"line":73,"column":21},"end":{"line":73,"column":48}},{"start":{"line":73,"column":51},"end":{"line":73,"column":52}}],"line":73},"12":{"loc":{"start":{"line":73,"column":29},"end":{"line":73,"column":47}},"type":"cond-expr","locations":[{"start":{"line":73,"column":37},"end":{"line":73,"column":42}},{"start":{"line":73,"column":45},"end":{"line":73,"column":47}}],"line":73},"13":{"loc":{"start":{"line":74,"column":13},"end":{"line":74,"column":31}},"type":"cond-expr","locations":[{"start":{"line":74,"column":21},"end":{"line":74,"column":26}},{"start":{"line":74,"column":29},"end":{"line":74,"column":31}}],"line":74},"14":{"loc":{"start":{"line":78,"column":6},"end":{"line":80,"column":7}},"type":"if","locations":[{"start":{"line":78,"column":6},"end":{"line":80,"column":7}},{"start":{},"end":{}}],"line":78},"15":{"loc":{"start":{"line":78,"column":10},"end":{"line":78,"column":68}},"type":"binary-expr","locations":[{"start":{"line":78,"column":11},"end":{"line":78,"column":15}},{"start":{"line":78,"column":19},"end":{"line":78,"column":22}},{"start":{"line":78,"column":27},"end":{"line":78,"column":38}},{"start":{"line":78,"column":43},"end":{"line":78,"column":45}},{"start":{"line":78,"column":49},"end":{"line":78,"column":54}},{"start":{"line":78,"column":59},"end":{"line":78,"column":68}}],"line":78},"16":{"loc":{"start":{"line":82,"column":6},"end":{"line":86,"column":7}},"type":"if","locations":[{"start":{"line":82,"column":6},"end":{"line":86,"column":7}},{"start":{},"end":{}}],"line":82},"17":{"loc":{"start":{"line":82,"column":10},"end":{"line":82,"column":20}},"type":"binary-expr","locations":[{"start":{"line":82,"column":10},"end":{"line":82,"column":14}},{"start":{"line":82,"column":18},"end":{"line":82,"column":20}}],"line":82},"18":{"loc":{"start":{"line":88,"column":6},"end":{"line":93,"column":7}},"type":"if","locations":[{"start":{"line":88,"column":6},"end":{"line":93,"column":7}},{"start":{},"end":{}}],"line":88},"19":{"loc":{"start":{"line":89,"column":8},"end":{"line":90,"column":70}},"type":"binary-expr","locations":[{"start":{"line":89,"column":8},"end":{"line":89,"column":14}},{"start":{"line":90,"column":8},"end":{"line":90,"column":70}}],"line":89},"20":{"loc":{"start":{"line":95,"column":6},"end":{"line":97,"column":7}},"type":"if","locations":[{"start":{"line":95,"column":6},"end":{"line":97,"column":7}},{"start":{},"end":{}}],"line":95}},"s":{"0":1,"1":1,"2":1,"3":1,"4":0,"5":0,"6":0,"7":0,"8":0,"9":0,"10":0,"11":0,"12":5,"13":5,"14":5,"15":5,"16":1,"17":4,"18":3,"19":4,"20":3,"21":2,"22":4,"23":2,"24":1,"25":1,"26":0,"27":0,"28":0,"29":0,"30":0,"31":0,"32":0,"33":0,"34":0,"35":0,"36":0,"37":0,"38":0,"39":0,"40":0,"41":0},"f":{"0":0,"1":5,"2":4,"3":0},"b":{"0":[0,0],"1":[0,0],"2":[0,0],"3":[0,5],"4":[0,0],"5":[0,5],"6":[1,4],"7":[5,3,5,4,3,4],"8":[3,1],"9":[4,3],"10":[2,1],"11":[0,0],"12":[0,0],"13":[0,0],"14":[0,0],"15":[0,0,0,0,0,0],"16":[0,0],"17":[0,0],"18":[0,0],"19":[0,0],"20":[0,0]},"_coverageSchema":"1a1c01bbd47fc00a2c39e90264f33305004495a9","hash":"6921589af332882aad7a7fc7260864a47e108caa"}
}
